<?xml version="1.0" encoding="UTF-8"?>
<testng-results ignored="0" total="1" passed="1" failed="0" skipped="0">
  <reporter-output>
  </reporter-output>
  <suite started-at="2023-11-03T13:51:22 IST" name="Default suite" finished-at="2023-11-03T13:51:33 IST" duration-ms="10497">
    <groups>
    </groups>
    <test started-at="2023-11-03T13:51:22 IST" name="Default test" finished-at="2023-11-03T13:51:33 IST" duration-ms="10497">
      <class name="addToCart.DWS_Send_Email_08_Test">
        <test-method is-config="true" signature="launchtheBrowserandNavigateToAppliction()[pri:0, instance:addToCart.DWS_Send_Email_08_Test@16eb3ea3]" started-at="2023-11-03T13:51:22 IST" name="launchtheBrowserandNavigateToAppliction" finished-at="2023-11-03T13:51:27 IST" duration-ms="4962" status="PASS">
          <reporter-output>
          </reporter-output>
        </test-method> <!-- launchtheBrowserandNavigateToAppliction -->
        <test-method is-config="true" signature="LoginToApplication()[pri:0, instance:addToCart.DWS_Send_Email_08_Test@16eb3ea3]" started-at="2023-11-03T13:51:27 IST" name="LoginToApplication" finished-at="2023-11-03T13:51:27 IST" duration-ms="4" status="PASS">
          <reporter-output>
          </reporter-output>
        </test-method> <!-- LoginToApplication -->
        <test-method signature="sendingEmail_to_friend()[pri:0, instance:addToCart.DWS_Send_Email_08_Test@16eb3ea3]" started-at="2023-11-03T13:51:27 IST" name="sendingEmail_to_friend" finished-at="2023-11-03T13:51:33 IST" duration-ms="5220" status="PASS">
          <reporter-output>
          </reporter-output>
        </test-method> <!-- sendingEmail_to_friend -->
        <test-method is-config="true" signature="logoutFromApplication()[pri:0, instance:addToCart.DWS_Send_Email_08_Test@16eb3ea3]" started-at="2023-11-03T13:51:33 IST" name="logoutFromApplication" finished-at="2023-11-03T13:51:33 IST" duration-ms="0" status="PASS">
          <reporter-output>
          </reporter-output>
        </test-method> <!-- logoutFromApplication -->
      </class> <!-- addToCart.DWS_Send_Email_08_Test -->
    </test> <!-- Default test -->
  </suite> <!-- Default suite -->
</testng-results>
